<?xml version="1.0" encoding="UTF-8" ?>
<testsuite tests="6" failures="0" name="eu.jpereira.trainings.designpatterns.structural.adapter.DoorTest" time="0.007" errors="0" skipped="0">
  <properties>
[...]
</properties>
  <testcase classname="eu.jpereira.trainings.designpatterns.structural.adapter.DoorTest" name="shouldThrowExceptionForWrongCode" time="0.006"/>
  <testcase classname="eu.jpereira.trainings.designpatterns.structural.adapter.DoorTest" name="testThrowExceptionForIncorrectCodeChangingCode" time="0"/>
  <testcase classname="eu.jpereira.trainings.designpatterns.structural.adapter.DoorTest" name="testThrowExceptionForMismatchNewCode" time="0"/>
  <testcase classname="eu.jpereira.trainings.designpatterns.structural.adapter.DoorTest" name="shouldOpenDoor" time="0"/>
  <testcase classname="eu.jpereira.trainings.designpatterns.structural.adapter.DoorTest" name="shouldCloseDoor" time="0.001"/>
  <testcase classname="eu.jpereira.trainings.designpatterns.structural.adapter.DoorTest" name="testChangeCode" time="0"/>
</testsuite>